DGL backend not selected or invalid.  Assuming PyTorch for now.
Setting the default backend to "pytorch". You can change it in the ~/.dgl/config.json file or export the DGLBACKEND environment variable.  Valid options are: pytorch, mxnet, tensorflow (all lowercase)
Traceback (most recent call last):
  File "/home/jules/.pyenv/versions/3.12.12/lib/python3.12/site-packages/dgl/utils/__init__.py", line 11, in <module>
    from packaging import version
ModuleNotFoundError: No module named 'packaging'

During handling of the above exception, another exception occurred:

Traceback (most recent call last):
  File "/app/GMOCAT-modif/./launch_gcat.py", line 6, in <module>
    import dgl
  File "/home/jules/.pyenv/versions/3.12.12/lib/python3.12/site-packages/dgl/__init__.py", line 14, in <module>
    from .backend import backend_name, load_backend  # usort: skip
    ^^^^^^^^^^^^^^^^^^^^^^^^^^^^^^^^^^^^^^^^^^^^^^^
  File "/home/jules/.pyenv/versions/3.12.12/lib/python3.12/site-packages/dgl/backend/__init__.py", line 122, in <module>
    load_backend(get_preferred_backend())
  File "/home/jules/.pyenv/versions/3.12.12/lib/python3.12/site-packages/dgl/backend/__init__.py", line 57, in load_backend
    mod = importlib.import_module(".%s" % mod_name, __name__)
          ^^^^^^^^^^^^^^^^^^^^^^^^^^^^^^^^^^^^^^^^^^^^^^^^^^^
  File "/home/jules/.pyenv/versions/3.12.12/lib/python3.12/importlib/__init__.py", line 90, in import_module
    return _bootstrap._gcd_import(name[level:], package, level)
           ^^^^^^^^^^^^^^^^^^^^^^^^^^^^^^^^^^^^^^^^^^^^^^^^^^^^
  File "/home/jules/.pyenv/versions/3.12.12/lib/python3.12/site-packages/dgl/backend/pytorch/__init__.py", line 1, in <module>
    from .sparse import *
  File "/home/jules/.pyenv/versions/3.12.12/lib/python3.12/site-packages/dgl/backend/pytorch/sparse.py", line 24, in <module>
    from ...heterograph_index import create_unitgraph_from_csr
  File "/home/jules/.pyenv/versions/3.12.12/lib/python3.12/site-packages/dgl/heterograph_index.py", line 10, in <module>
    from . import backend as F, utils
  File "/home/jules/.pyenv/versions/3.12.12/lib/python3.12/site-packages/dgl/utils/__init__.py", line 14, in <module>
    from setuptools.extern.packaging import version
ModuleNotFoundError: No module named 'setuptools.extern'
